0 info it worked if it ends with ok
1 verbose cli [ '/home/andrew/.nvm/v5.9.0/bin/node',
1 verbose cli   '/home/andrew/.nvm/v5.9.0/bin/npm',
1 verbose cli   'install',
1 verbose cli   '-g',
1 verbose cli   'avn@0.2.2',
1 verbose cli   'avn-n@0.2.0',
1 verbose cli   'avn-nvm@0.2.1',
1 verbose cli   'babel-cli@6.5.1',
1 verbose cli   'babel-core@6.4.5',
1 verbose cli   'babel-eslint@4.1.8',
1 verbose cli   'babel-loader@6.2.1',
1 verbose cli   'babel-plugin-project-relative-require@2.0.3',
1 verbose cli   'babel-plugin-transform-react-jsx@6.5.0',
1 verbose cli   'broccoli-cli@1.0.0',
1 verbose cli   'concurrently@1.0.0',
1 verbose cli   'eslint@1.10.3',
1 verbose cli   'eslint-plugin-babel@3.0.0',
1 verbose cli   'eslint-plugin-react@3.16.1',
1 verbose cli   'fixmyjs@1.0.3',
1 verbose cli   'generator-base-webapp@0.1.0',
1 verbose cli   'gulp-conflict@0.4.0',
1 verbose cli   'gulp-install@0.6.0',
1 verbose cli   'gulp-template@3.1.0',
1 verbose cli   'inquirer@0.12.0',
1 verbose cli   'jsmin@1.0.1',
1 verbose cli   'kick-off-koa@2.0.0',
1 verbose cli   'mocha@2.4.5',
1 verbose cli   'node-babel@0.1.2',
1 verbose cli   'pm2@1.0.2',
1 verbose cli   'rollup@0.25.4',
1 verbose cli   'shelljs@0.6.0',
1 verbose cli   'slush@1.1.1',
1 verbose cli   'slush-react-redux@0.0.5',
1 verbose cli   'structor@0.2.7',
1 verbose cli   'uglifyjs@2.4.10',
1 verbose cli   'webpack-dev-server@1.14.1',
1 verbose cli   'yo@1.7.0' ]
2 info using npm@3.7.3
3 info using node@v5.9.0
4 silly loadCurrentTree Starting
5 silly install loadCurrentTree
6 silly install readGlobalPackageData
7 silly fetchPackageMetaData avn@0.2.2
8 silly fetchPackageMetaData avn-n@0.2.0
9 silly fetchPackageMetaData avn-nvm@0.2.1
10 silly fetchPackageMetaData babel-cli@6.5.1
11 silly fetchPackageMetaData babel-core@6.4.5
12 silly fetchPackageMetaData babel-eslint@4.1.8
13 silly fetchPackageMetaData babel-loader@6.2.1
14 silly fetchPackageMetaData babel-plugin-project-relative-require@2.0.3
15 silly fetchPackageMetaData babel-plugin-transform-react-jsx@6.5.0
16 silly fetchPackageMetaData broccoli-cli@1.0.0
17 silly fetchPackageMetaData concurrently@1.0.0
18 silly fetchPackageMetaData eslint@1.10.3
19 silly fetchPackageMetaData eslint-plugin-babel@3.0.0
20 silly fetchPackageMetaData eslint-plugin-react@3.16.1
21 silly fetchPackageMetaData fixmyjs@1.0.3
22 silly fetchPackageMetaData generator-base-webapp@0.1.0
23 silly fetchPackageMetaData gulp-conflict@0.4.0
24 silly fetchPackageMetaData gulp-install@0.6.0
25 silly fetchPackageMetaData gulp-template@3.1.0
26 silly fetchPackageMetaData inquirer@0.12.0
27 silly fetchPackageMetaData jsmin@1.0.1
28 silly fetchPackageMetaData kick-off-koa@2.0.0
29 silly fetchPackageMetaData mocha@2.4.5
30 silly fetchPackageMetaData node-babel@0.1.2
31 silly fetchPackageMetaData pm2@1.0.2
32 silly fetchPackageMetaData rollup@0.25.4
33 silly fetchPackageMetaData shelljs@0.6.0
34 silly fetchPackageMetaData slush@1.1.1
35 silly fetchPackageMetaData slush-react-redux@0.0.5
36 silly fetchPackageMetaData structor@0.2.7
37 silly fetchPackageMetaData uglifyjs@2.4.10
38 silly fetchPackageMetaData webpack-dev-server@1.14.1
39 silly fetchPackageMetaData yo@1.7.0
40 silly fetchNamedPackageData avn
41 silly mapToRegistry name avn
42 silly mapToRegistry using default registry
43 silly mapToRegistry registry https://registry.npmjs.org/
44 silly mapToRegistry uri https://registry.npmjs.org/avn
45 silly fetchNamedPackageData avn-n
46 silly mapToRegistry name avn-n
47 silly mapToRegistry using default registry
48 silly mapToRegistry registry https://registry.npmjs.org/
49 silly mapToRegistry uri https://registry.npmjs.org/avn-n
50 silly fetchNamedPackageData avn-nvm
51 silly mapToRegistry name avn-nvm
52 silly mapToRegistry using default registry
53 silly mapToRegistry registry https://registry.npmjs.org/
54 silly mapToRegistry uri https://registry.npmjs.org/avn-nvm
55 silly fetchNamedPackageData babel-cli
56 silly mapToRegistry name babel-cli
57 silly mapToRegistry using default registry
58 silly mapToRegistry registry https://registry.npmjs.org/
59 silly mapToRegistry uri https://registry.npmjs.org/babel-cli
60 silly fetchNamedPackageData babel-core
61 silly mapToRegistry name babel-core
62 silly mapToRegistry using default registry
63 silly mapToRegistry registry https://registry.npmjs.org/
64 silly mapToRegistry uri https://registry.npmjs.org/babel-core
65 silly fetchNamedPackageData babel-eslint
66 silly mapToRegistry name babel-eslint
67 silly mapToRegistry using default registry
68 silly mapToRegistry registry https://registry.npmjs.org/
69 silly mapToRegistry uri https://registry.npmjs.org/babel-eslint
70 silly fetchNamedPackageData babel-loader
71 silly mapToRegistry name babel-loader
72 silly mapToRegistry using default registry
73 silly mapToRegistry registry https://registry.npmjs.org/
74 silly mapToRegistry uri https://registry.npmjs.org/babel-loader
75 silly fetchNamedPackageData babel-plugin-project-relative-require
76 silly mapToRegistry name babel-plugin-project-relative-require
77 silly mapToRegistry using default registry
78 silly mapToRegistry registry https://registry.npmjs.org/
79 silly mapToRegistry uri https://registry.npmjs.org/babel-plugin-project-relative-require
80 silly fetchNamedPackageData babel-plugin-transform-react-jsx
81 silly mapToRegistry name babel-plugin-transform-react-jsx
82 silly mapToRegistry using default registry
83 silly mapToRegistry registry https://registry.npmjs.org/
84 silly mapToRegistry uri https://registry.npmjs.org/babel-plugin-transform-react-jsx
85 silly fetchNamedPackageData broccoli-cli
86 silly mapToRegistry name broccoli-cli
87 silly mapToRegistry using default registry
88 silly mapToRegistry registry https://registry.npmjs.org/
89 silly mapToRegistry uri https://registry.npmjs.org/broccoli-cli
90 silly fetchNamedPackageData concurrently
91 silly mapToRegistry name concurrently
92 silly mapToRegistry using default registry
93 silly mapToRegistry registry https://registry.npmjs.org/
94 silly mapToRegistry uri https://registry.npmjs.org/concurrently
95 silly fetchNamedPackageData eslint
96 silly mapToRegistry name eslint
97 silly mapToRegistry using default registry
98 silly mapToRegistry registry https://registry.npmjs.org/
99 silly mapToRegistry uri https://registry.npmjs.org/eslint
100 silly fetchNamedPackageData eslint-plugin-babel
101 silly mapToRegistry name eslint-plugin-babel
102 silly mapToRegistry using default registry
103 silly mapToRegistry registry https://registry.npmjs.org/
104 silly mapToRegistry uri https://registry.npmjs.org/eslint-plugin-babel
105 silly fetchNamedPackageData eslint-plugin-react
106 silly mapToRegistry name eslint-plugin-react
107 silly mapToRegistry using default registry
108 silly mapToRegistry registry https://registry.npmjs.org/
109 silly mapToRegistry uri https://registry.npmjs.org/eslint-plugin-react
110 silly fetchNamedPackageData fixmyjs
111 silly mapToRegistry name fixmyjs
112 silly mapToRegistry using default registry
113 silly mapToRegistry registry https://registry.npmjs.org/
114 silly mapToRegistry uri https://registry.npmjs.org/fixmyjs
115 silly fetchNamedPackageData generator-base-webapp
116 silly mapToRegistry name generator-base-webapp
117 silly mapToRegistry using default registry
118 silly mapToRegistry registry https://registry.npmjs.org/
119 silly mapToRegistry uri https://registry.npmjs.org/generator-base-webapp
120 silly fetchNamedPackageData gulp-conflict
121 silly mapToRegistry name gulp-conflict
122 silly mapToRegistry using default registry
123 silly mapToRegistry registry https://registry.npmjs.org/
124 silly mapToRegistry uri https://registry.npmjs.org/gulp-conflict
125 silly fetchNamedPackageData gulp-install
126 silly mapToRegistry name gulp-install
127 silly mapToRegistry using default registry
128 silly mapToRegistry registry https://registry.npmjs.org/
129 silly mapToRegistry uri https://registry.npmjs.org/gulp-install
130 silly fetchNamedPackageData gulp-template
131 silly mapToRegistry name gulp-template
132 silly mapToRegistry using default registry
133 silly mapToRegistry registry https://registry.npmjs.org/
134 silly mapToRegistry uri https://registry.npmjs.org/gulp-template
135 silly fetchNamedPackageData inquirer
136 silly mapToRegistry name inquirer
137 silly mapToRegistry using default registry
138 silly mapToRegistry registry https://registry.npmjs.org/
139 silly mapToRegistry uri https://registry.npmjs.org/inquirer
140 silly fetchNamedPackageData jsmin
141 silly mapToRegistry name jsmin
142 silly mapToRegistry using default registry
143 silly mapToRegistry registry https://registry.npmjs.org/
144 silly mapToRegistry uri https://registry.npmjs.org/jsmin
145 silly fetchNamedPackageData kick-off-koa
146 silly mapToRegistry name kick-off-koa
147 silly mapToRegistry using default registry
148 silly mapToRegistry registry https://registry.npmjs.org/
149 silly mapToRegistry uri https://registry.npmjs.org/kick-off-koa
150 silly fetchNamedPackageData mocha
151 silly mapToRegistry name mocha
152 silly mapToRegistry using default registry
153 silly mapToRegistry registry https://registry.npmjs.org/
154 silly mapToRegistry uri https://registry.npmjs.org/mocha
155 silly fetchNamedPackageData node-babel
156 silly mapToRegistry name node-babel
157 silly mapToRegistry using default registry
158 silly mapToRegistry registry https://registry.npmjs.org/
159 silly mapToRegistry uri https://registry.npmjs.org/node-babel
160 silly fetchNamedPackageData pm2
161 silly mapToRegistry name pm2
162 silly mapToRegistry using default registry
163 silly mapToRegistry registry https://registry.npmjs.org/
164 silly mapToRegistry uri https://registry.npmjs.org/pm2
165 silly fetchNamedPackageData rollup
166 silly mapToRegistry name rollup
167 silly mapToRegistry using default registry
168 silly mapToRegistry registry https://registry.npmjs.org/
169 silly mapToRegistry uri https://registry.npmjs.org/rollup
170 silly fetchNamedPackageData shelljs
171 silly mapToRegistry name shelljs
172 silly mapToRegistry using default registry
173 silly mapToRegistry registry https://registry.npmjs.org/
174 silly mapToRegistry uri https://registry.npmjs.org/shelljs
175 silly fetchNamedPackageData slush
176 silly mapToRegistry name slush
177 silly mapToRegistry using default registry
178 silly mapToRegistry registry https://registry.npmjs.org/
179 silly mapToRegistry uri https://registry.npmjs.org/slush
180 silly fetchNamedPackageData slush-react-redux
181 silly mapToRegistry name slush-react-redux
182 silly mapToRegistry using default registry
183 silly mapToRegistry registry https://registry.npmjs.org/
184 silly mapToRegistry uri https://registry.npmjs.org/slush-react-redux
185 silly fetchNamedPackageData structor
186 silly mapToRegistry name structor
187 silly mapToRegistry using default registry
188 silly mapToRegistry registry https://registry.npmjs.org/
189 silly mapToRegistry uri https://registry.npmjs.org/structor
190 silly fetchNamedPackageData uglifyjs
191 silly mapToRegistry name uglifyjs
192 silly mapToRegistry using default registry
193 silly mapToRegistry registry https://registry.npmjs.org/
194 silly mapToRegistry uri https://registry.npmjs.org/uglifyjs
195 silly fetchNamedPackageData webpack-dev-server
196 silly mapToRegistry name webpack-dev-server
197 silly mapToRegistry using default registry
198 silly mapToRegistry registry https://registry.npmjs.org/
199 silly mapToRegistry uri https://registry.npmjs.org/webpack-dev-server
200 silly fetchNamedPackageData yo
201 silly mapToRegistry name yo
202 silly mapToRegistry using default registry
203 silly mapToRegistry registry https://registry.npmjs.org/
204 silly mapToRegistry uri https://registry.npmjs.org/yo
205 verbose request uri https://registry.npmjs.org/generator-base-webapp
206 verbose request no auth needed
207 info attempt registry request try #1 at 9:28:17 AM
208 verbose request id d64bf247d8bc5f79
209 http request GET https://registry.npmjs.org/generator-base-webapp
210 verbose request uri https://registry.npmjs.org/avn
211 verbose request no auth needed
212 info attempt registry request try #1 at 9:28:17 AM
213 verbose etag "EN0EWN4EHORDKXEX8O16RIAX0"
214 http request GET https://registry.npmjs.org/avn
215 verbose request uri https://registry.npmjs.org/avn-n
216 verbose request no auth needed
217 info attempt registry request try #1 at 9:28:17 AM
218 verbose etag "AUZQZ352EJBBQO6JUO44Q90WZ"
219 http request GET https://registry.npmjs.org/avn-n
220 verbose request uri https://registry.npmjs.org/babel-cli
221 verbose request no auth needed
222 info attempt registry request try #1 at 9:28:17 AM
223 verbose etag "44HVBV92U07I8K5LKLORTIX1R"
224 http request GET https://registry.npmjs.org/babel-cli
225 verbose request uri https://registry.npmjs.org/babel-loader
226 verbose request no auth needed
227 info attempt registry request try #1 at 9:28:17 AM
228 verbose etag "2U4J2T9NIHQBEOXUW1D9Y4Y0U"
229 http request GET https://registry.npmjs.org/babel-loader
230 verbose request uri https://registry.npmjs.org/babel-plugin-project-relative-require
231 verbose request no auth needed
232 info attempt registry request try #1 at 9:28:17 AM
233 verbose etag "869ZO5Q864DYTI9PMIEUCN15A"
234 http request GET https://registry.npmjs.org/babel-plugin-project-relative-require
235 verbose request uri https://registry.npmjs.org/babel-plugin-transform-react-jsx
236 verbose request no auth needed
237 info attempt registry request try #1 at 9:28:17 AM
238 verbose etag "CW4N3HV5BMN38VSZZ50M8DAMZ"
239 http request GET https://registry.npmjs.org/babel-plugin-transform-react-jsx
240 verbose request uri https://registry.npmjs.org/babel-eslint
241 verbose request no auth needed
242 info attempt registry request try #1 at 9:28:17 AM
243 verbose etag "32KBKY6DPP4FUV75GNYFSLWCA"
244 http request GET https://registry.npmjs.org/babel-eslint
245 verbose request uri https://registry.npmjs.org/avn-nvm
246 verbose request no auth needed
247 info attempt registry request try #1 at 9:28:17 AM
248 verbose etag "2XOHX9ZMU5X5KGMCGODRJRU7H"
249 http request GET https://registry.npmjs.org/avn-nvm
250 verbose request uri https://registry.npmjs.org/concurrently
251 verbose request no auth needed
252 info attempt registry request try #1 at 9:28:17 AM
253 verbose etag "29MKJESV42KD6YNRLAVKIGE4M"
254 http request GET https://registry.npmjs.org/concurrently
255 verbose request uri https://registry.npmjs.org/babel-core
256 verbose request no auth needed
257 info attempt registry request try #1 at 9:28:17 AM
258 verbose etag "7K75HLZTII2LAZ6RJH6J2OBU"
259 http request GET https://registry.npmjs.org/babel-core
260 verbose request uri https://registry.npmjs.org/eslint-plugin-babel
261 verbose request no auth needed
262 info attempt registry request try #1 at 9:28:17 AM
263 verbose etag "AMMNIS5K2SBNPRZBQBDKT6OQU"
264 http request GET https://registry.npmjs.org/eslint-plugin-babel
265 verbose request uri https://registry.npmjs.org/eslint-plugin-react
266 verbose request no auth needed
267 info attempt registry request try #1 at 9:28:17 AM
268 verbose etag "5WGVBMZ1VNTS3408YEO28PNNP"
269 http request GET https://registry.npmjs.org/eslint-plugin-react
270 verbose request uri https://registry.npmjs.org/eslint
271 verbose request no auth needed
272 info attempt registry request try #1 at 9:28:17 AM
273 verbose etag "1O6LTIXKX7F5JAR23E54DP9SF"
274 http request GET https://registry.npmjs.org/eslint
275 verbose request uri https://registry.npmjs.org/gulp-conflict
276 verbose request no auth needed
277 info attempt registry request try #1 at 9:28:17 AM
278 verbose etag "7DR485Q3BC0V6YJKXFU7K0IXD"
279 http request GET https://registry.npmjs.org/gulp-conflict
280 verbose request uri https://registry.npmjs.org/fixmyjs
281 verbose request no auth needed
282 info attempt registry request try #1 at 9:28:17 AM
283 verbose etag "A7CB107DH4VJO3VB4W5WU0S8Z"
284 http request GET https://registry.npmjs.org/fixmyjs
285 verbose request uri https://registry.npmjs.org/gulp-install
286 verbose request no auth needed
287 info attempt registry request try #1 at 9:28:17 AM
288 verbose etag "901J6JRM42HIU1DW9N1Q9WKAR"
289 http request GET https://registry.npmjs.org/gulp-install
290 verbose request uri https://registry.npmjs.org/gulp-template
291 verbose request no auth needed
292 info attempt registry request try #1 at 9:28:17 AM
293 verbose etag "DBT0456THYQGH4478EYKD0F0N"
294 http request GET https://registry.npmjs.org/gulp-template
295 verbose request uri https://registry.npmjs.org/broccoli-cli
296 verbose request no auth needed
297 info attempt registry request try #1 at 9:28:17 AM
298 verbose etag "C9SBXLKKYHECJQ4QKQGOJHJ0Z"
299 http request GET https://registry.npmjs.org/broccoli-cli
300 verbose request uri https://registry.npmjs.org/jsmin
301 verbose request no auth needed
302 info attempt registry request try #1 at 9:28:17 AM
303 verbose etag "6X1RWJWOMMEWL55ZGB20MRYXI"
304 http request GET https://registry.npmjs.org/jsmin
305 verbose request uri https://registry.npmjs.org/kick-off-koa
306 verbose request no auth needed
307 info attempt registry request try #1 at 9:28:17 AM
308 verbose etag "AS5PNE6XG37CATXOD66V2BM8E"
309 http request GET https://registry.npmjs.org/kick-off-koa
310 verbose request uri https://registry.npmjs.org/node-babel
311 verbose request no auth needed
312 info attempt registry request try #1 at 9:28:17 AM
313 verbose etag "EAEOE4P9U7R31NYGTMGE6N7V3"
314 http request GET https://registry.npmjs.org/node-babel
315 verbose request uri https://registry.npmjs.org/inquirer
316 verbose request no auth needed
317 info attempt registry request try #1 at 9:28:17 AM
318 verbose etag "EY8684EHIA13WLUKZZJBXU0R6"
319 http request GET https://registry.npmjs.org/inquirer
320 verbose request uri https://registry.npmjs.org/rollup
321 verbose request no auth needed
322 info attempt registry request try #1 at 9:28:17 AM
323 verbose etag "41HV3Y1EM99FR34BXGH79QL9R"
324 http request GET https://registry.npmjs.org/rollup
325 verbose request uri https://registry.npmjs.org/shelljs
326 verbose request no auth needed
327 info attempt registry request try #1 at 9:28:17 AM
328 verbose etag "43G9LIDN22DVO201D18DHX53C"
329 http request GET https://registry.npmjs.org/shelljs
330 verbose request uri https://registry.npmjs.org/slush
331 verbose request no auth needed
332 info attempt registry request try #1 at 9:28:17 AM
333 verbose etag "BKPMM91YNWEI1PTJZ8W5KK9SN"
334 http request GET https://registry.npmjs.org/slush
335 verbose request uri https://registry.npmjs.org/slush-react-redux
336 verbose request no auth needed
337 info attempt registry request try #1 at 9:28:17 AM
338 verbose etag "F50AWLQYPK01KZHU2SAZUAUIK"
339 http request GET https://registry.npmjs.org/slush-react-redux
340 verbose request uri https://registry.npmjs.org/mocha
341 verbose request no auth needed
342 info attempt registry request try #1 at 9:28:17 AM
343 verbose etag "6XGJI6B2B2S9WLQJQ5RSGVV5Y"
344 http request GET https://registry.npmjs.org/mocha
345 verbose request uri https://registry.npmjs.org/structor
346 verbose request no auth needed
347 info attempt registry request try #1 at 9:28:17 AM
348 verbose etag "49A7J3XWRSCXHGL9VMFIQWMS9"
349 http request GET https://registry.npmjs.org/structor
350 verbose request uri https://registry.npmjs.org/uglifyjs
351 verbose request no auth needed
352 info attempt registry request try #1 at 9:28:17 AM
353 verbose etag "7HJFFRAZMAM3MS0K1GZV6CVDH"
354 http request GET https://registry.npmjs.org/uglifyjs
355 verbose request uri https://registry.npmjs.org/yo
356 verbose request no auth needed
357 info attempt registry request try #1 at 9:28:17 AM
358 verbose etag "DIO3QEAP0GCA56IH9TSG3TPZW"
359 http request GET https://registry.npmjs.org/yo
360 verbose request uri https://registry.npmjs.org/pm2
361 verbose request no auth needed
362 info attempt registry request try #1 at 9:28:17 AM
363 verbose etag "8TBOVZ6AKXK5HTECQPWY8O6HI"
364 http request GET https://registry.npmjs.org/pm2
365 verbose request uri https://registry.npmjs.org/webpack-dev-server
366 verbose request no auth needed
367 info attempt registry request try #1 at 9:28:17 AM
368 verbose etag "3TZ4CZEN9DG7U0VHPPFG5SFWY"
369 http request GET https://registry.npmjs.org/webpack-dev-server
370 http 304 https://registry.npmjs.org/babel-plugin-project-relative-require
371 verbose headers { date: 'Wed, 30 Mar 2016 13:28:20 GMT',
371 verbose headers   via: '1.1 varnish',
371 verbose headers   'cache-control': 'max-age=300',
371 verbose headers   etag: '"869ZO5Q864DYTI9PMIEUCN15A"',
371 verbose headers   age: '81',
371 verbose headers   connection: 'keep-alive',
371 verbose headers   'x-served-by': 'cache-ord1721-ORD',
371 verbose headers   'x-cache': 'HIT',
371 verbose headers   'x-cache-hits': '1',
371 verbose headers   'x-timer': 'S1459344500.648445,VS0,VE0',
371 verbose headers   vary: 'Accept' }
372 silly get cb [ 304,
372 silly get   { date: 'Wed, 30 Mar 2016 13:28:20 GMT',
372 silly get     via: '1.1 varnish',
372 silly get     'cache-control': 'max-age=300',
372 silly get     etag: '"869ZO5Q864DYTI9PMIEUCN15A"',
372 silly get     age: '81',
372 silly get     connection: 'keep-alive',
372 silly get     'x-served-by': 'cache-ord1721-ORD',
372 silly get     'x-cache': 'HIT',
372 silly get     'x-cache-hits': '1',
372 silly get     'x-timer': 'S1459344500.648445,VS0,VE0',
372 silly get     vary: 'Accept' } ]
373 verbose etag https://registry.npmjs.org/babel-plugin-project-relative-require from cache
374 verbose get saving babel-plugin-project-relative-require to /home/andrew/.npm/registry.npmjs.org/babel-plugin-project-relative-require/.cache.json
375 verbose correctMkdir /home/andrew/.npm correctMkdir not in flight; initializing
376 http 304 https://registry.npmjs.org/babel-cli
377 verbose headers { date: 'Wed, 30 Mar 2016 13:28:20 GMT',
377 verbose headers   via: '1.1 varnish',
377 verbose headers   'cache-control': 'max-age=300',
377 verbose headers   etag: '"44HVBV92U07I8K5LKLORTIX1R"',
377 verbose headers   age: '0',
377 verbose headers   connection: 'keep-alive',
377 verbose headers   'x-served-by': 'cache-ord1739-ORD',
377 verbose headers   'x-cache': 'HIT',
377 verbose headers   'x-cache-hits': '1',
377 verbose headers   'x-timer': 'S1459344500.619416,VS0,VE35',
377 verbose headers   vary: 'Accept' }
378 silly get cb [ 304,
378 silly get   { date: 'Wed, 30 Mar 2016 13:28:20 GMT',
378 silly get     via: '1.1 varnish',
378 silly get     'cache-control': 'max-age=300',
378 silly get     etag: '"44HVBV92U07I8K5LKLORTIX1R"',
378 silly get     age: '0',
378 silly get     connection: 'keep-alive',
378 silly get     'x-served-by': 'cache-ord1739-ORD',
378 silly get     'x-cache': 'HIT',
378 silly get     'x-cache-hits': '1',
378 silly get     'x-timer': 'S1459344500.619416,VS0,VE35',
378 silly get     vary: 'Accept' } ]
379 verbose etag https://registry.npmjs.org/babel-cli from cache
380 verbose get saving babel-cli to /home/andrew/.npm/registry.npmjs.org/babel-cli/.cache.json
381 verbose correctMkdir /home/andrew/.npm correctMkdir already in flight; waiting
382 http 304 https://registry.npmjs.org/babel-eslint
383 verbose headers { date: 'Wed, 30 Mar 2016 13:28:20 GMT',
383 verbose headers   via: '1.1 varnish',
383 verbose headers   'cache-control': 'max-age=300',
383 verbose headers   etag: '"32KBKY6DPP4FUV75GNYFSLWCA"',
383 verbose headers   age: '113',
383 verbose headers   connection: 'keep-alive',
383 verbose headers   'x-served-by': 'cache-ord1746-ORD',
383 verbose headers   'x-cache': 'HIT',
383 verbose headers   'x-cache-hits': '1',
383 verbose headers   'x-timer': 'S1459344500.687090,VS0,VE0',
383 verbose headers   vary: 'Accept' }
384 silly get cb [ 304,
384 silly get   { date: 'Wed, 30 Mar 2016 13:28:20 GMT',
384 silly get     via: '1.1 varnish',
384 silly get     'cache-control': 'max-age=300',
384 silly get     etag: '"32KBKY6DPP4FUV75GNYFSLWCA"',
384 silly get     age: '113',
384 silly get     connection: 'keep-alive',
384 silly get     'x-served-by': 'cache-ord1746-ORD',
384 silly get     'x-cache': 'HIT',
384 silly get     'x-cache-hits': '1',
384 silly get     'x-timer': 'S1459344500.687090,VS0,VE0',
384 silly get     vary: 'Accept' } ]
385 verbose etag https://registry.npmjs.org/babel-eslint from cache
386 verbose get saving babel-eslint to /home/andrew/.npm/registry.npmjs.org/babel-eslint/.cache.json
387 verbose correctMkdir /home/andrew/.npm correctMkdir already in flight; waiting
388 http 304 https://registry.npmjs.org/concurrently
389 verbose headers { date: 'Wed, 30 Mar 2016 13:28:20 GMT',
389 verbose headers   via: '1.1 varnish',
389 verbose headers   'cache-control': 'max-age=300',
389 verbose headers   etag: '"29MKJESV42KD6YNRLAVKIGE4M"',
389 verbose headers   age: '81',
389 verbose headers   connection: 'keep-alive',
389 verbose headers   'x-served-by': 'cache-ord1722-ORD',
389 verbose headers   'x-cache': 'HIT',
389 verbose headers   'x-cache-hits': '1',
389 verbose headers   'x-timer': 'S1459344500.699409,VS0,VE0',
389 verbose headers   vary: 'Accept' }
390 silly get cb [ 304,
390 silly get   { date: 'Wed, 30 Mar 2016 13:28:20 GMT',
390 silly get     via: '1.1 varnish',
390 silly get     'cache-control': 'max-age=300',
390 silly get     etag: '"29MKJESV42KD6YNRLAVKIGE4M"',
390 silly get     age: '81',
390 silly get     connection: 'keep-alive',
390 silly get     'x-served-by': 'cache-ord1722-ORD',
390 silly get     'x-cache': 'HIT',
390 silly get     'x-cache-hits': '1',
390 silly get     'x-timer': 'S1459344500.699409,VS0,VE0',
390 silly get     vary: 'Accept' } ]
391 verbose etag https://registry.npmjs.org/concurrently from cache
392 verbose get saving concurrently to /home/andrew/.npm/registry.npmjs.org/concurrently/.cache.json
393 verbose correctMkdir /home/andrew/.npm correctMkdir not in flight; initializing
394 http 304 https://registry.npmjs.org/avn
395 verbose headers { date: 'Wed, 30 Mar 2016 13:28:20 GMT',
395 verbose headers   via: '1.1 varnish',
395 verbose headers   'cache-control': 'max-age=300',
395 verbose headers   etag: '"EN0EWN4EHORDKXEX8O16RIAX0"',
395 verbose headers   age: '81',
395 verbose headers   connection: 'keep-alive',
395 verbose headers   'x-served-by': 'cache-iad2120-IAD',
395 verbose headers   'x-cache': 'HIT',
395 verbose headers   'x-cache-hits': '1',
395 verbose headers   'x-timer': 'S1459344500.733057,VS0,VE0',
395 verbose headers   vary: 'Accept' }
396 silly get cb [ 304,
396 silly get   { date: 'Wed, 30 Mar 2016 13:28:20 GMT',
396 silly get     via: '1.1 varnish',
396 silly get     'cache-control': 'max-age=300',
396 silly get     etag: '"EN0EWN4EHORDKXEX8O16RIAX0"',
396 silly get     age: '81',
396 silly get     connection: 'keep-alive',
396 silly get     'x-served-by': 'cache-iad2120-IAD',
396 silly get     'x-cache': 'HIT',
396 silly get     'x-cache-hits': '1',
396 silly get     'x-timer': 'S1459344500.733057,VS0,VE0',
396 silly get     vary: 'Accept' } ]
397 verbose etag https://registry.npmjs.org/avn from cache
398 verbose get saving avn to /home/andrew/.npm/registry.npmjs.org/avn/.cache.json
399 verbose correctMkdir /home/andrew/.npm correctMkdir not in flight; initializing
400 http 304 https://registry.npmjs.org/babel-core
401 verbose headers { date: 'Wed, 30 Mar 2016 13:28:20 GMT',
401 verbose headers   via: '1.1 varnish',
401 verbose headers   'cache-control': 'max-age=300',
401 verbose headers   etag: '"7K75HLZTII2LAZ6RJH6J2OBU"',
401 verbose headers   age: '290',
401 verbose headers   connection: 'keep-alive',
401 verbose headers   'x-served-by': 'cache-ord1744-ORD',
401 verbose headers   'x-cache': 'HIT',
401 verbose headers   'x-cache-hits': '2',
401 verbose headers   'x-timer': 'S1459344500.769406,VS0,VE0',
401 verbose headers   vary: 'Accept' }
402 silly get cb [ 304,
402 silly get   { date: 'Wed, 30 Mar 2016 13:28:20 GMT',
402 silly get     via: '1.1 varnish',
402 silly get     'cache-control': 'max-age=300',
402 silly get     etag: '"7K75HLZTII2LAZ6RJH6J2OBU"',
402 silly get     age: '290',
402 silly get     connection: 'keep-alive',
402 silly get     'x-served-by': 'cache-ord1744-ORD',
402 silly get     'x-cache': 'HIT',
402 silly get     'x-cache-hits': '2',
402 silly get     'x-timer': 'S1459344500.769406,VS0,VE0',
402 silly get     vary: 'Accept' } ]
403 verbose etag https://registry.npmjs.org/babel-core from cache
404 verbose get saving babel-core to /home/andrew/.npm/registry.npmjs.org/babel-core/.cache.json
405 verbose correctMkdir /home/andrew/.npm correctMkdir not in flight; initializing
406 http 304 https://registry.npmjs.org/babel-plugin-transform-react-jsx
407 verbose headers { date: 'Wed, 30 Mar 2016 13:28:20 GMT',
407 verbose headers   via: '1.1 varnish',
407 verbose headers   'cache-control': 'max-age=300',
407 verbose headers   etag: '"CW4N3HV5BMN38VSZZ50M8DAMZ"',
407 verbose headers   age: '0',
407 verbose headers   connection: 'keep-alive',
407 verbose headers   'x-served-by': 'cache-iad2137-IAD',
407 verbose headers   'x-cache': 'HIT',
407 verbose headers   'x-cache-hits': '1',
407 verbose headers   'x-timer': 'S1459344500.751664,VS0,VE78',
407 verbose headers   vary: 'Accept' }
408 silly get cb [ 304,
408 silly get   { date: 'Wed, 30 Mar 2016 13:28:20 GMT',
408 silly get     via: '1.1 varnish',
408 silly get     'cache-control': 'max-age=300',
408 silly get     etag: '"CW4N3HV5BMN38VSZZ50M8DAMZ"',
408 silly get     age: '0',
408 silly get     connection: 'keep-alive',
408 silly get     'x-served-by': 'cache-iad2137-IAD',
408 silly get     'x-cache': 'HIT',
408 silly get     'x-cache-hits': '1',
408 silly get     'x-timer': 'S1459344500.751664,VS0,VE78',
408 silly get     vary: 'Accept' } ]
409 verbose etag https://registry.npmjs.org/babel-plugin-transform-react-jsx from cache
410 verbose get saving babel-plugin-transform-react-jsx to /home/andrew/.npm/registry.npmjs.org/babel-plugin-transform-react-jsx/.cache.json
411 verbose correctMkdir /home/andrew/.npm correctMkdir not in flight; initializing
412 http 404 https://registry.npmjs.org/generator-base-webapp
413 verbose headers { 'content-type': 'application/json',
413 verbose headers   'cache-control': 'max-age=0',
413 verbose headers   'content-length': '2',
413 verbose headers   'accept-ranges': 'bytes',
413 verbose headers   date: 'Wed, 30 Mar 2016 13:28:20 GMT',
413 verbose headers   via: '1.1 varnish',
413 verbose headers   age: '0',
413 verbose headers   connection: 'keep-alive',
413 verbose headers   'x-served-by': 'cache-iad2129-IAD',
413 verbose headers   'x-cache': 'MISS',
413 verbose headers   'x-cache-hits': '0',
413 verbose headers   'x-timer': 'S1459344500.797015,VS0,VE103' }
414 silly get cb [ 404,
414 silly get   { 'content-type': 'application/json',
414 silly get     'cache-control': 'max-age=0',
414 silly get     'content-length': '2',
414 silly get     'accept-ranges': 'bytes',
414 silly get     date: 'Wed, 30 Mar 2016 13:28:20 GMT',
414 silly get     via: '1.1 varnish',
414 silly get     age: '0',
414 silly get     connection: 'keep-alive',
414 silly get     'x-served-by': 'cache-iad2129-IAD',
414 silly get     'x-cache': 'MISS',
414 silly get     'x-cache-hits': '0',
414 silly get     'x-timer': 'S1459344500.797015,VS0,VE103' } ]
415 silly fetchPackageMetaData Error: Registry returned 404 for GET on https://registry.npmjs.org/generator-base-webapp
415 silly fetchPackageMetaData     at makeError (/home/andrew/.nvm/v5.9.0/lib/node_modules/npm/node_modules/npm-registry-client/lib/request.js:264:12)
415 silly fetchPackageMetaData     at CachingRegistryClient.<anonymous> (/home/andrew/.nvm/v5.9.0/lib/node_modules/npm/node_modules/npm-registry-client/lib/request.js:242:14)
415 silly fetchPackageMetaData     at Request._callback (/home/andrew/.nvm/v5.9.0/lib/node_modules/npm/node_modules/npm-registry-client/lib/request.js:172:14)
415 silly fetchPackageMetaData     at Request.self.callback (/home/andrew/.nvm/v5.9.0/lib/node_modules/npm/node_modules/request/request.js:199:22)
415 silly fetchPackageMetaData     at emitTwo (events.js:100:13)
415 silly fetchPackageMetaData     at Request.emit (events.js:185:7)
415 silly fetchPackageMetaData     at Request.<anonymous> (/home/andrew/.nvm/v5.9.0/lib/node_modules/npm/node_modules/request/request.js:1036:10)
415 silly fetchPackageMetaData     at emitOne (events.js:95:20)
415 silly fetchPackageMetaData     at Request.emit (events.js:182:7)
415 silly fetchPackageMetaData     at IncomingMessage.<anonymous> (/home/andrew/.nvm/v5.9.0/lib/node_modules/npm/node_modules/request/request.js:963:12)
415 silly fetchPackageMetaData  error for generator-base-webapp@0.1.0 { [Error: Registry returned 404 for GET on https://registry.npmjs.org/generator-base-webapp] pkgid: 'generator-base-webapp', statusCode: 404, code: 'E404' }
416 http 304 https://registry.npmjs.org/babel-loader
417 verbose headers { date: 'Wed, 30 Mar 2016 13:28:20 GMT',
417 verbose headers   via: '1.1 varnish',
417 verbose headers   'cache-control': 'max-age=300',
417 verbose headers   etag: '"2U4J2T9NIHQBEOXUW1D9Y4Y0U"',
417 verbose headers   age: '127',
417 verbose headers   connection: 'keep-alive',
417 verbose headers   'x-served-by': 'cache-iad2121-IAD',
417 verbose headers   'x-cache': 'HIT',
417 verbose headers   'x-cache-hits': '3',
417 verbose headers   'x-timer': 'S1459344500.909012,VS0,VE0',
417 verbose headers   vary: 'Accept' }
418 silly get cb [ 304,
418 silly get   { date: 'Wed, 30 Mar 2016 13:28:20 GMT',
418 silly get     via: '1.1 varnish',
418 silly get     'cache-control': 'max-age=300',
418 silly get     etag: '"2U4J2T9NIHQBEOXUW1D9Y4Y0U"',
418 silly get     age: '127',
418 silly get     connection: 'keep-alive',
418 silly get     'x-served-by': 'cache-iad2121-IAD',
418 silly get     'x-cache': 'HIT',
418 silly get     'x-cache-hits': '3',
418 silly get     'x-timer': 'S1459344500.909012,VS0,VE0',
418 silly get     vary: 'Accept' } ]
419 verbose etag https://registry.npmjs.org/babel-loader from cache
420 verbose get saving babel-loader to /home/andrew/.npm/registry.npmjs.org/babel-loader/.cache.json
421 verbose correctMkdir /home/andrew/.npm correctMkdir not in flight; initializing
422 http 304 https://registry.npmjs.org/avn-n
423 verbose headers { date: 'Wed, 30 Mar 2016 13:28:20 GMT',
423 verbose headers   via: '1.1 varnish',
423 verbose headers   'cache-control': 'max-age=300',
423 verbose headers   etag: '"AUZQZ352EJBBQO6JUO44Q90WZ"',
423 verbose headers   age: '0',
423 verbose headers   connection: 'keep-alive',
423 verbose headers   'x-served-by': 'cache-atl6225-ATL',
423 verbose headers   'x-cache': 'MISS',
423 verbose headers   'x-cache-hits': '0',
423 verbose headers   'x-timer': 'S1459344500.838844,VS0,VE94',
423 verbose headers   vary: 'Accept' }
424 silly get cb [ 304,
424 silly get   { date: 'Wed, 30 Mar 2016 13:28:20 GMT',
424 silly get     via: '1.1 varnish',
424 silly get     'cache-control': 'max-age=300',
424 silly get     etag: '"AUZQZ352EJBBQO6JUO44Q90WZ"',
424 silly get     age: '0',
424 silly get     connection: 'keep-alive',
424 silly get     'x-served-by': 'cache-atl6225-ATL',
424 silly get     'x-cache': 'MISS',
424 silly get     'x-cache-hits': '0',
424 silly get     'x-timer': 'S1459344500.838844,VS0,VE94',
424 silly get     vary: 'Accept' } ]
425 verbose etag https://registry.npmjs.org/avn-n from cache
426 verbose get saving avn-n to /home/andrew/.npm/registry.npmjs.org/avn-n/.cache.json
427 verbose correctMkdir /home/andrew/.npm correctMkdir not in flight; initializing
428 http 304 https://registry.npmjs.org/eslint
429 verbose headers { date: 'Wed, 30 Mar 2016 13:28:20 GMT',
429 verbose headers   via: '1.1 varnish',
429 verbose headers   'cache-control': 'max-age=300',
429 verbose headers   etag: '"1O6LTIXKX7F5JAR23E54DP9SF"',
429 verbose headers   age: '226',
429 verbose headers   connection: 'keep-alive',
429 verbose headers   'x-served-by': 'cache-atl6223-ATL',
429 verbose headers   'x-cache': 'HIT',
429 verbose headers   'x-cache-hits': '6',
429 verbose headers   'x-timer': 'S1459344500.937478,VS0,VE0',
429 verbose headers   vary: 'Accept' }
430 silly get cb [ 304,
430 silly get   { date: 'Wed, 30 Mar 2016 13:28:20 GMT',
430 silly get     via: '1.1 varnish',
430 silly get     'cache-control': 'max-age=300',
430 silly get     etag: '"1O6LTIXKX7F5JAR23E54DP9SF"',
430 silly get     age: '226',
430 silly get     connection: 'keep-alive',
430 silly get     'x-served-by': 'cache-atl6223-ATL',
430 silly get     'x-cache': 'HIT',
430 silly get     'x-cache-hits': '6',
430 silly get     'x-timer': 'S1459344500.937478,VS0,VE0',
430 silly get     vary: 'Accept' } ]
431 verbose etag https://registry.npmjs.org/eslint from cache
432 verbose get saving eslint to /home/andrew/.npm/registry.npmjs.org/eslint/.cache.json
433 verbose correctMkdir /home/andrew/.npm correctMkdir not in flight; initializing
434 http 304 https://registry.npmjs.org/eslint-plugin-react
435 verbose headers { date: 'Wed, 30 Mar 2016 13:28:20 GMT',
435 verbose headers   via: '1.1 varnish',
435 verbose headers   'cache-control': 'max-age=300',
435 verbose headers   etag: '"5WGVBMZ1VNTS3408YEO28PNNP"',
435 verbose headers   age: '1',
435 verbose headers   connection: 'keep-alive',
435 verbose headers   'x-served-by': 'cache-atl6237-ATL',
435 verbose headers   'x-cache': 'HIT',
435 verbose headers   'x-cache-hits': '1',
435 verbose headers   'x-timer': 'S1459344500.961447,VS0,VE0',
435 verbose headers   vary: 'Accept' }
436 silly get cb [ 304,
436 silly get   { date: 'Wed, 30 Mar 2016 13:28:20 GMT',
436 silly get     via: '1.1 varnish',
436 silly get     'cache-control': 'max-age=300',
436 silly get     etag: '"5WGVBMZ1VNTS3408YEO28PNNP"',
436 silly get     age: '1',
436 silly get     connection: 'keep-alive',
436 silly get     'x-served-by': 'cache-atl6237-ATL',
436 silly get     'x-cache': 'HIT',
436 silly get     'x-cache-hits': '1',
436 silly get     'x-timer': 'S1459344500.961447,VS0,VE0',
436 silly get     vary: 'Accept' } ]
437 verbose etag https://registry.npmjs.org/eslint-plugin-react from cache
438 verbose get saving eslint-plugin-react to /home/andrew/.npm/registry.npmjs.org/eslint-plugin-react/.cache.json
439 verbose correctMkdir /home/andrew/.npm correctMkdir not in flight; initializing
440 http 304 https://registry.npmjs.org/fixmyjs
441 verbose headers { date: 'Wed, 30 Mar 2016 13:28:20 GMT',
441 verbose headers   via: '1.1 varnish',
441 verbose headers   'cache-control': 'max-age=300',
441 verbose headers   etag: '"A7CB107DH4VJO3VB4W5WU0S8Z"',
441 verbose headers   age: '81',
441 verbose headers   connection: 'keep-alive',
441 verbose headers   'x-served-by': 'cache-ord1732-ORD',
441 verbose headers   'x-cache': 'HIT',
441 verbose headers   'x-cache-hits': '1',
441 verbose headers   'x-timer': 'S1459344500.977160,VS0,VE0',
441 verbose headers   vary: 'Accept' }
442 silly get cb [ 304,
442 silly get   { date: 'Wed, 30 Mar 2016 13:28:20 GMT',
442 silly get     via: '1.1 varnish',
442 silly get     'cache-control': 'max-age=300',
442 silly get     etag: '"A7CB107DH4VJO3VB4W5WU0S8Z"',
442 silly get     age: '81',
442 silly get     connection: 'keep-alive',
442 silly get     'x-served-by': 'cache-ord1732-ORD',
442 silly get     'x-cache': 'HIT',
442 silly get     'x-cache-hits': '1',
442 silly get     'x-timer': 'S1459344500.977160,VS0,VE0',
442 silly get     vary: 'Accept' } ]
443 verbose etag https://registry.npmjs.org/fixmyjs from cache
444 verbose get saving fixmyjs to /home/andrew/.npm/registry.npmjs.org/fixmyjs/.cache.json
445 verbose correctMkdir /home/andrew/.npm correctMkdir not in flight; initializing
446 http 304 https://registry.npmjs.org/avn-nvm
447 verbose headers { date: 'Wed, 30 Mar 2016 13:28:20 GMT',
447 verbose headers   via: '1.1 varnish',
447 verbose headers   'cache-control': 'max-age=300',
447 verbose headers   etag: '"2XOHX9ZMU5X5KGMCGODRJRU7H"',
447 verbose headers   age: '0',
447 verbose headers   connection: 'keep-alive',
447 verbose headers   'x-served-by': 'cache-ord1739-ORD',
447 verbose headers   'x-cache': 'MISS',
447 verbose headers   'x-cache-hits': '0',
447 verbose headers   'x-timer': 'S1459344500.667328,VS0,VE335',
447 verbose headers   vary: 'Accept' }
448 silly get cb [ 304,
448 silly get   { date: 'Wed, 30 Mar 2016 13:28:20 GMT',
448 silly get     via: '1.1 varnish',
448 silly get     'cache-control': 'max-age=300',
448 silly get     etag: '"2XOHX9ZMU5X5KGMCGODRJRU7H"',
448 silly get     age: '0',
448 silly get     connection: 'keep-alive',
448 silly get     'x-served-by': 'cache-ord1739-ORD',
448 silly get     'x-cache': 'MISS',
448 silly get     'x-cache-hits': '0',
448 silly get     'x-timer': 'S1459344500.667328,VS0,VE335',
448 silly get     vary: 'Accept' } ]
449 verbose etag https://registry.npmjs.org/avn-nvm from cache
450 verbose get saving avn-nvm to /home/andrew/.npm/registry.npmjs.org/avn-nvm/.cache.json
451 verbose correctMkdir /home/andrew/.npm correctMkdir not in flight; initializing
452 http 304 https://registry.npmjs.org/gulp-install
453 verbose headers { date: 'Wed, 30 Mar 2016 13:28:21 GMT',
453 verbose headers   via: '1.1 varnish',
453 verbose headers   'cache-control': 'max-age=300',
453 verbose headers   etag: '"901J6JRM42HIU1DW9N1Q9WKAR"',
453 verbose headers   age: '269',
453 verbose headers   connection: 'keep-alive',
453 verbose headers   'x-served-by': 'cache-ord1724-ORD',
453 verbose headers   'x-cache': 'HIT',
453 verbose headers   'x-cache-hits': '2',
453 verbose headers   'x-timer': 'S1459344501.024068,VS0,VE0',
453 verbose headers   vary: 'Accept' }
454 silly get cb [ 304,
454 silly get   { date: 'Wed, 30 Mar 2016 13:28:21 GMT',
454 silly get     via: '1.1 varnish',
454 silly get     'cache-control': 'max-age=300',
454 silly get     etag: '"901J6JRM42HIU1DW9N1Q9WKAR"',
454 silly get     age: '269',
454 silly get     connection: 'keep-alive',
454 silly get     'x-served-by': 'cache-ord1724-ORD',
454 silly get     'x-cache': 'HIT',
454 silly get     'x-cache-hits': '2',
454 silly get     'x-timer': 'S1459344501.024068,VS0,VE0',
454 silly get     vary: 'Accept' } ]
455 verbose etag https://registry.npmjs.org/gulp-install from cache
456 verbose get saving gulp-install to /home/andrew/.npm/registry.npmjs.org/gulp-install/.cache.json
457 verbose correctMkdir /home/andrew/.npm correctMkdir not in flight; initializing
458 http 304 https://registry.npmjs.org/gulp-template
459 verbose headers { date: 'Wed, 30 Mar 2016 13:28:21 GMT',
459 verbose headers   via: '1.1 varnish',
459 verbose headers   'cache-control': 'max-age=300',
459 verbose headers   etag: '"DBT0456THYQGH4478EYKD0F0N"',
459 verbose headers   age: '3',
459 verbose headers   connection: 'keep-alive',
459 verbose headers   'x-served-by': 'cache-iad2129-IAD',
459 verbose headers   'x-cache': 'HIT',
459 verbose headers   'x-cache-hits': '1',
459 verbose headers   'x-timer': 'S1459344501.108979,VS0,VE0',
459 verbose headers   vary: 'Accept' }
460 silly get cb [ 304,
460 silly get   { date: 'Wed, 30 Mar 2016 13:28:21 GMT',
460 silly get     via: '1.1 varnish',
460 silly get     'cache-control': 'max-age=300',
460 silly get     etag: '"DBT0456THYQGH4478EYKD0F0N"',
460 silly get     age: '3',
460 silly get     connection: 'keep-alive',
460 silly get     'x-served-by': 'cache-iad2129-IAD',
460 silly get     'x-cache': 'HIT',
460 silly get     'x-cache-hits': '1',
460 silly get     'x-timer': 'S1459344501.108979,VS0,VE0',
460 silly get     vary: 'Accept' } ]
461 verbose etag https://registry.npmjs.org/gulp-template from cache
462 verbose get saving gulp-template to /home/andrew/.npm/registry.npmjs.org/gulp-template/.cache.json
463 verbose correctMkdir /home/andrew/.npm correctMkdir not in flight; initializing
464 http 304 https://registry.npmjs.org/kick-off-koa
465 verbose headers { date: 'Wed, 30 Mar 2016 13:28:21 GMT',
465 verbose headers   via: '1.1 varnish',
465 verbose headers   'cache-control': 'max-age=300',
465 verbose headers   etag: '"AS5PNE6XG37CATXOD66V2BM8E"',
465 verbose headers   age: '80',
465 verbose headers   connection: 'keep-alive',
465 verbose headers   'x-served-by': 'cache-ord1729-ORD',
465 verbose headers   'x-cache': 'HIT',
465 verbose headers   'x-cache-hits': '1',
465 verbose headers   'x-timer': 'S1459344501.149642,VS0,VE0',
465 verbose headers   vary: 'Accept' }
466 silly get cb [ 304,
466 silly get   { date: 'Wed, 30 Mar 2016 13:28:21 GMT',
466 silly get     via: '1.1 varnish',
466 silly get     'cache-control': 'max-age=300',
466 silly get     etag: '"AS5PNE6XG37CATXOD66V2BM8E"',
466 silly get     age: '80',
466 silly get     connection: 'keep-alive',
466 silly get     'x-served-by': 'cache-ord1729-ORD',
466 silly get     'x-cache': 'HIT',
466 silly get     'x-cache-hits': '1',
466 silly get     'x-timer': 'S1459344501.149642,VS0,VE0',
466 silly get     vary: 'Accept' } ]
467 verbose etag https://registry.npmjs.org/kick-off-koa from cache
468 verbose get saving kick-off-koa to /home/andrew/.npm/registry.npmjs.org/kick-off-koa/.cache.json
469 verbose correctMkdir /home/andrew/.npm correctMkdir not in flight; initializing
470 http 304 https://registry.npmjs.org/rollup
471 verbose headers { date: 'Wed, 30 Mar 2016 13:28:21 GMT',
471 verbose headers   via: '1.1 varnish',
471 verbose headers   'cache-control': 'max-age=300',
471 verbose headers   etag: '"41HV3Y1EM99FR34BXGH79QL9R"',
471 verbose headers   age: '39',
471 verbose headers   connection: 'keep-alive',
471 verbose headers   'x-served-by': 'cache-iad2142-IAD',
471 verbose headers   'x-cache': 'HIT',
471 verbose headers   'x-cache-hits': '1',
471 verbose headers   'x-timer': 'S1459344501.251785,VS0,VE0',
471 verbose headers   vary: 'Accept' }
472 silly get cb [ 304,
472 silly get   { date: 'Wed, 30 Mar 2016 13:28:21 GMT',
472 silly get     via: '1.1 varnish',
472 silly get     'cache-control': 'max-age=300',
472 silly get     etag: '"41HV3Y1EM99FR34BXGH79QL9R"',
472 silly get     age: '39',
472 silly get     connection: 'keep-alive',
472 silly get     'x-served-by': 'cache-iad2142-IAD',
472 silly get     'x-cache': 'HIT',
472 silly get     'x-cache-hits': '1',
472 silly get     'x-timer': 'S1459344501.251785,VS0,VE0',
472 silly get     vary: 'Accept' } ]
473 verbose etag https://registry.npmjs.org/rollup from cache
474 verbose get saving rollup to /home/andrew/.npm/registry.npmjs.org/rollup/.cache.json
475 verbose correctMkdir /home/andrew/.npm correctMkdir not in flight; initializing
476 http 304 https://registry.npmjs.org/broccoli-cli
477 verbose headers { date: 'Wed, 30 Mar 2016 13:28:21 GMT',
477 verbose headers   via: '1.1 varnish',
477 verbose headers   'cache-control': 'max-age=300',
477 verbose headers   etag: '"C9SBXLKKYHECJQ4QKQGOJHJ0Z"',
477 verbose headers   age: '0',
477 verbose headers   connection: 'keep-alive',
477 verbose headers   'x-served-by': 'cache-iad2120-IAD',
477 verbose headers   'x-cache': 'HIT',
477 verbose headers   'x-cache-hits': '1',
477 verbose headers   'x-timer': 'S1459344501.170962,VS0,VE98',
477 verbose headers   vary: 'Accept' }
478 silly get cb [ 304,
478 silly get   { date: 'Wed, 30 Mar 2016 13:28:21 GMT',
478 silly get     via: '1.1 varnish',
478 silly get     'cache-control': 'max-age=300',
478 silly get     etag: '"C9SBXLKKYHECJQ4QKQGOJHJ0Z"',
478 silly get     age: '0',
478 silly get     connection: 'keep-alive',
478 silly get     'x-served-by': 'cache-iad2120-IAD',
478 silly get     'x-cache': 'HIT',
478 silly get     'x-cache-hits': '1',
478 silly get     'x-timer': 'S1459344501.170962,VS0,VE98',
478 silly get     vary: 'Accept' } ]
479 verbose etag https://registry.npmjs.org/broccoli-cli from cache
480 verbose get saving broccoli-cli to /home/andrew/.npm/registry.npmjs.org/broccoli-cli/.cache.json
481 verbose correctMkdir /home/andrew/.npm correctMkdir not in flight; initializing
482 http 304 https://registry.npmjs.org/eslint-plugin-babel
483 verbose headers { date: 'Wed, 30 Mar 2016 13:28:20 GMT',
483 verbose headers   via: '1.1 varnish',
483 verbose headers   'cache-control': 'max-age=300',
483 verbose headers   etag: '"AMMNIS5K2SBNPRZBQBDKT6OQU"',
483 verbose headers   age: '0',
483 verbose headers   connection: 'keep-alive',
483 verbose headers   'x-served-by': 'cache-iad2133-IAD',
483 verbose headers   'x-cache': 'HIT',
483 verbose headers   'x-cache-hits': '1',
483 verbose headers   'x-timer': 'S1459344500.882046,VS0,VE399',
483 verbose headers   vary: 'Accept' }
484 silly get cb [ 304,
484 silly get   { date: 'Wed, 30 Mar 2016 13:28:20 GMT',
484 silly get     via: '1.1 varnish',
484 silly get     'cache-control': 'max-age=300',
484 silly get     etag: '"AMMNIS5K2SBNPRZBQBDKT6OQU"',
484 silly get     age: '0',
484 silly get     connection: 'keep-alive',
484 silly get     'x-served-by': 'cache-iad2133-IAD',
484 silly get     'x-cache': 'HIT',
484 silly get     'x-cache-hits': '1',
484 silly get     'x-timer': 'S1459344500.882046,VS0,VE399',
484 silly get     vary: 'Accept' } ]
485 verbose etag https://registry.npmjs.org/eslint-plugin-babel from cache
486 verbose get saving eslint-plugin-babel to /home/andrew/.npm/registry.npmjs.org/eslint-plugin-babel/.cache.json
487 verbose correctMkdir /home/andrew/.npm correctMkdir not in flight; initializing
488 http 304 https://registry.npmjs.org/inquirer
489 verbose headers { date: 'Wed, 30 Mar 2016 13:28:21 GMT',
489 verbose headers   via: '1.1 varnish',
489 verbose headers   'cache-control': 'max-age=300',
489 verbose headers   etag: '"EY8684EHIA13WLUKZZJBXU0R6"',
489 verbose headers   age: '210',
489 verbose headers   connection: 'keep-alive',
489 verbose headers   'x-served-by': 'cache-atl6229-ATL',
489 verbose headers   'x-cache': 'HIT',
489 verbose headers   'x-cache-hits': '3',
489 verbose headers   'x-timer': 'S1459344501.290102,VS0,VE0',
489 verbose headers   vary: 'Accept' }
490 silly get cb [ 304,
490 silly get   { date: 'Wed, 30 Mar 2016 13:28:21 GMT',
490 silly get     via: '1.1 varnish',
490 silly get     'cache-control': 'max-age=300',
490 silly get     etag: '"EY8684EHIA13WLUKZZJBXU0R6"',
490 silly get     age: '210',
490 silly get     connection: 'keep-alive',
490 silly get     'x-served-by': 'cache-atl6229-ATL',
490 silly get     'x-cache': 'HIT',
490 silly get     'x-cache-hits': '3',
490 silly get     'x-timer': 'S1459344501.290102,VS0,VE0',
490 silly get     vary: 'Accept' } ]
491 verbose etag https://registry.npmjs.org/inquirer from cache
492 verbose get saving inquirer to /home/andrew/.npm/registry.npmjs.org/inquirer/.cache.json
493 verbose correctMkdir /home/andrew/.npm correctMkdir not in flight; initializing
494 http 304 https://registry.npmjs.org/shelljs
495 verbose headers { date: 'Wed, 30 Mar 2016 13:28:21 GMT',
495 verbose headers   via: '1.1 varnish',
495 verbose headers   'cache-control': 'max-age=300',
495 verbose headers   etag: '"43G9LIDN22DVO201D18DHX53C"',
495 verbose headers   age: '61',
495 verbose headers   connection: 'keep-alive',
495 verbose headers   'x-served-by': 'cache-atl6227-ATL',
495 verbose headers   'x-cache': 'HIT',
495 verbose headers   'x-cache-hits': '3',
495 verbose headers   'x-timer': 'S1459344501.308188,VS0,VE0',
495 verbose headers   vary: 'Accept' }
496 silly get cb [ 304,
496 silly get   { date: 'Wed, 30 Mar 2016 13:28:21 GMT',
496 silly get     via: '1.1 varnish',
496 silly get     'cache-control': 'max-age=300',
496 silly get     etag: '"43G9LIDN22DVO201D18DHX53C"',
496 silly get     age: '61',
496 silly get     connection: 'keep-alive',
496 silly get     'x-served-by': 'cache-atl6227-ATL',
496 silly get     'x-cache': 'HIT',
496 silly get     'x-cache-hits': '3',
496 silly get     'x-timer': 'S1459344501.308188,VS0,VE0',
496 silly get     vary: 'Accept' } ]
497 verbose etag https://registry.npmjs.org/shelljs from cache
498 verbose get saving shelljs to /home/andrew/.npm/registry.npmjs.org/shelljs/.cache.json
499 verbose correctMkdir /home/andrew/.npm correctMkdir not in flight; initializing
500 http 304 https://registry.npmjs.org/uglifyjs
501 verbose headers { date: 'Wed, 30 Mar 2016 13:28:21 GMT',
501 verbose headers   via: '1.1 varnish',
501 verbose headers   'cache-control': 'max-age=300',
501 verbose headers   etag: '"7HJFFRAZMAM3MS0K1GZV6CVDH"',
501 verbose headers   age: '80',
501 verbose headers   connection: 'keep-alive',
501 verbose headers   'x-served-by': 'cache-ord1747-ORD',
501 verbose headers   'x-cache': 'HIT',
501 verbose headers   'x-cache-hits': '1',
501 verbose headers   'x-timer': 'S1459344501.355933,VS0,VE0',
501 verbose headers   vary: 'Accept' }
502 silly get cb [ 304,
502 silly get   { date: 'Wed, 30 Mar 2016 13:28:21 GMT',
502 silly get     via: '1.1 varnish',
502 silly get     'cache-control': 'max-age=300',
502 silly get     etag: '"7HJFFRAZMAM3MS0K1GZV6CVDH"',
502 silly get     age: '80',
502 silly get     connection: 'keep-alive',
502 silly get     'x-served-by': 'cache-ord1747-ORD',
502 silly get     'x-cache': 'HIT',
502 silly get     'x-cache-hits': '1',
502 silly get     'x-timer': 'S1459344501.355933,VS0,VE0',
502 silly get     vary: 'Accept' } ]
503 verbose etag https://registry.npmjs.org/uglifyjs from cache
504 verbose get saving uglifyjs to /home/andrew/.npm/registry.npmjs.org/uglifyjs/.cache.json
505 verbose correctMkdir /home/andrew/.npm correctMkdir not in flight; initializing
506 http 304 https://registry.npmjs.org/slush-react-redux
507 verbose headers { date: 'Wed, 30 Mar 2016 13:28:21 GMT',
507 verbose headers   via: '1.1 varnish',
507 verbose headers   'cache-control': 'max-age=300',
507 verbose headers   etag: '"F50AWLQYPK01KZHU2SAZUAUIK"',
507 verbose headers   age: '0',
507 verbose headers   connection: 'keep-alive',
507 verbose headers   'x-served-by': 'cache-iad2146-IAD',
507 verbose headers   'x-cache': 'MISS',
507 verbose headers   'x-cache-hits': '0',
507 verbose headers   'x-timer': 'S1459344501.338573,VS0,VE23',
507 verbose headers   vary: 'Accept' }
508 silly get cb [ 304,
508 silly get   { date: 'Wed, 30 Mar 2016 13:28:21 GMT',
508 silly get     via: '1.1 varnish',
508 silly get     'cache-control': 'max-age=300',
508 silly get     etag: '"F50AWLQYPK01KZHU2SAZUAUIK"',
508 silly get     age: '0',
508 silly get     connection: 'keep-alive',
508 silly get     'x-served-by': 'cache-iad2146-IAD',
508 silly get     'x-cache': 'MISS',
508 silly get     'x-cache-hits': '0',
508 silly get     'x-timer': 'S1459344501.338573,VS0,VE23',
508 silly get     vary: 'Accept' } ]
509 verbose etag https://registry.npmjs.org/slush-react-redux from cache
510 verbose get saving slush-react-redux to /home/andrew/.npm/registry.npmjs.org/slush-react-redux/.cache.json
511 verbose correctMkdir /home/andrew/.npm correctMkdir not in flight; initializing
512 http 304 https://registry.npmjs.org/pm2
513 verbose headers { date: 'Wed, 30 Mar 2016 13:28:21 GMT',
513 verbose headers   via: '1.1 varnish',
513 verbose headers   'cache-control': 'max-age=300',
513 verbose headers   etag: '"8TBOVZ6AKXK5HTECQPWY8O6HI"',
513 verbose headers   age: '82',
513 verbose headers   connection: 'keep-alive',
513 verbose headers   'x-served-by': 'cache-ord1730-ORD',
513 verbose headers   'x-cache': 'HIT',
513 verbose headers   'x-cache-hits': '1',
513 verbose headers   'x-timer': 'S1459344501.385771,VS0,VE1',
513 verbose headers   vary: 'Accept' }
514 silly get cb [ 304,
514 silly get   { date: 'Wed, 30 Mar 2016 13:28:21 GMT',
514 silly get     via: '1.1 varnish',
514 silly get     'cache-control': 'max-age=300',
514 silly get     etag: '"8TBOVZ6AKXK5HTECQPWY8O6HI"',
514 silly get     age: '82',
514 silly get     connection: 'keep-alive',
514 silly get     'x-served-by': 'cache-ord1730-ORD',
514 silly get     'x-cache': 'HIT',
514 silly get     'x-cache-hits': '1',
514 silly get     'x-timer': 'S1459344501.385771,VS0,VE1',
514 silly get     vary: 'Accept' } ]
515 verbose etag https://registry.npmjs.org/pm2 from cache
516 verbose get saving pm2 to /home/andrew/.npm/registry.npmjs.org/pm2/.cache.json
517 verbose correctMkdir /home/andrew/.npm correctMkdir not in flight; initializing
518 http 304 https://registry.npmjs.org/mocha
519 verbose headers { date: 'Wed, 30 Mar 2016 13:28:21 GMT',
519 verbose headers   via: '1.1 varnish',
519 verbose headers   'cache-control': 'max-age=300',
519 verbose headers   etag: '"6XGJI6B2B2S9WLQJQ5RSGVV5Y"',
519 verbose headers   age: '286',
519 verbose headers   connection: 'keep-alive',
519 verbose headers   'x-served-by': 'cache-atl6244-ATL',
519 verbose headers   'x-cache': 'HIT',
519 verbose headers   'x-cache-hits': '3',
519 verbose headers   'x-timer': 'S1459344501.378811,VS0,VE0',
519 verbose headers   vary: 'Accept' }
520 silly get cb [ 304,
520 silly get   { date: 'Wed, 30 Mar 2016 13:28:21 GMT',
520 silly get     via: '1.1 varnish',
520 silly get     'cache-control': 'max-age=300',
520 silly get     etag: '"6XGJI6B2B2S9WLQJQ5RSGVV5Y"',
520 silly get     age: '286',
520 silly get     connection: 'keep-alive',
520 silly get     'x-served-by': 'cache-atl6244-ATL',
520 silly get     'x-cache': 'HIT',
520 silly get     'x-cache-hits': '3',
520 silly get     'x-timer': 'S1459344501.378811,VS0,VE0',
520 silly get     vary: 'Accept' } ]
521 verbose etag https://registry.npmjs.org/mocha from cache
522 verbose get saving mocha to /home/andrew/.npm/registry.npmjs.org/mocha/.cache.json
523 verbose correctMkdir /home/andrew/.npm correctMkdir not in flight; initializing
524 http 304 https://registry.npmjs.org/structor
525 verbose headers { date: 'Wed, 30 Mar 2016 13:28:21 GMT',
525 verbose headers   via: '1.1 varnish',
525 verbose headers   'cache-control': 'max-age=300',
525 verbose headers   etag: '"49A7J3XWRSCXHGL9VMFIQWMS9"',
525 verbose headers   age: '0',
525 verbose headers   connection: 'keep-alive',
525 verbose headers   'x-served-by': 'cache-ord1726-ORD',
525 verbose headers   'x-cache': 'MISS',
525 verbose headers   'x-cache-hits': '0',
525 verbose headers   'x-timer': 'S1459344501.318236,VS0,VE75',
525 verbose headers   vary: 'Accept' }
526 silly get cb [ 304,
526 silly get   { date: 'Wed, 30 Mar 2016 13:28:21 GMT',
526 silly get     via: '1.1 varnish',
526 silly get     'cache-control': 'max-age=300',
526 silly get     etag: '"49A7J3XWRSCXHGL9VMFIQWMS9"',
526 silly get     age: '0',
526 silly get     connection: 'keep-alive',
526 silly get     'x-served-by': 'cache-ord1726-ORD',
526 silly get     'x-cache': 'MISS',
526 silly get     'x-cache-hits': '0',
526 silly get     'x-timer': 'S1459344501.318236,VS0,VE75',
526 silly get     vary: 'Accept' } ]
527 verbose etag https://registry.npmjs.org/structor from cache
528 verbose get saving structor to /home/andrew/.npm/registry.npmjs.org/structor/.cache.json
529 verbose correctMkdir /home/andrew/.npm correctMkdir not in flight; initializing
530 http 304 https://registry.npmjs.org/yo
531 verbose headers { date: 'Wed, 30 Mar 2016 13:28:21 GMT',
531 verbose headers   via: '1.1 varnish',
531 verbose headers   'cache-control': 'max-age=300',
531 verbose headers   etag: '"DIO3QEAP0GCA56IH9TSG3TPZW"',
531 verbose headers   age: '288',
531 verbose headers   connection: 'keep-alive',
531 verbose headers   'x-served-by': 'cache-iad2127-IAD',
531 verbose headers   'x-cache': 'HIT',
531 verbose headers   'x-cache-hits': '1',
531 verbose headers   'x-timer': 'S1459344501.404463,VS0,VE0',
531 verbose headers   vary: 'Accept' }
532 silly get cb [ 304,
532 silly get   { date: 'Wed, 30 Mar 2016 13:28:21 GMT',
532 silly get     via: '1.1 varnish',
532 silly get     'cache-control': 'max-age=300',
532 silly get     etag: '"DIO3QEAP0GCA56IH9TSG3TPZW"',
532 silly get     age: '288',
532 silly get     connection: 'keep-alive',
532 silly get     'x-served-by': 'cache-iad2127-IAD',
532 silly get     'x-cache': 'HIT',
532 silly get     'x-cache-hits': '1',
532 silly get     'x-timer': 'S1459344501.404463,VS0,VE0',
532 silly get     vary: 'Accept' } ]
533 verbose etag https://registry.npmjs.org/yo from cache
534 verbose get saving yo to /home/andrew/.npm/registry.npmjs.org/yo/.cache.json
535 verbose correctMkdir /home/andrew/.npm correctMkdir not in flight; initializing
536 http 304 https://registry.npmjs.org/webpack-dev-server
537 verbose headers { date: 'Wed, 30 Mar 2016 13:28:21 GMT',
537 verbose headers   via: '1.1 varnish',
537 verbose headers   'cache-control': 'max-age=300',
537 verbose headers   etag: '"3TZ4CZEN9DG7U0VHPPFG5SFWY"',
537 verbose headers   age: '286',
537 verbose headers   connection: 'keep-alive',
537 verbose headers   'x-served-by': 'cache-iad2148-IAD',
537 verbose headers   'x-cache': 'HIT',
537 verbose headers   'x-cache-hits': '2',
537 verbose headers   'x-timer': 'S1459344501.418944,VS0,VE0',
537 verbose headers   vary: 'Accept' }
538 silly get cb [ 304,
538 silly get   { date: 'Wed, 30 Mar 2016 13:28:21 GMT',
538 silly get     via: '1.1 varnish',
538 silly get     'cache-control': 'max-age=300',
538 silly get     etag: '"3TZ4CZEN9DG7U0VHPPFG5SFWY"',
538 silly get     age: '286',
538 silly get     connection: 'keep-alive',
538 silly get     'x-served-by': 'cache-iad2148-IAD',
538 silly get     'x-cache': 'HIT',
538 silly get     'x-cache-hits': '2',
538 silly get     'x-timer': 'S1459344501.418944,VS0,VE0',
538 silly get     vary: 'Accept' } ]
539 verbose etag https://registry.npmjs.org/webpack-dev-server from cache
540 verbose get saving webpack-dev-server to /home/andrew/.npm/registry.npmjs.org/webpack-dev-server/.cache.json
541 verbose correctMkdir /home/andrew/.npm correctMkdir not in flight; initializing
542 http 304 https://registry.npmjs.org/gulp-conflict
543 verbose headers { date: 'Wed, 30 Mar 2016 13:28:21 GMT',
543 verbose headers   via: '1.1 varnish',
543 verbose headers   'cache-control': 'max-age=300',
543 verbose headers   etag: '"7DR485Q3BC0V6YJKXFU7K0IXD"',
543 verbose headers   age: '0',
543 verbose headers   connection: 'keep-alive',
543 verbose headers   'x-served-by': 'cache-iad2145-IAD',
543 verbose headers   'x-cache': 'MISS',
543 verbose headers   'x-cache-hits': '0',
543 verbose headers   'x-timer': 'S1459344501.049647,VS0,VE428',
543 verbose headers   vary: 'Accept' }
544 silly get cb [ 304,
544 silly get   { date: 'Wed, 30 Mar 2016 13:28:21 GMT',
544 silly get     via: '1.1 varnish',
544 silly get     'cache-control': 'max-age=300',
544 silly get     etag: '"7DR485Q3BC0V6YJKXFU7K0IXD"',
544 silly get     age: '0',
544 silly get     connection: 'keep-alive',
544 silly get     'x-served-by': 'cache-iad2145-IAD',
544 silly get     'x-cache': 'MISS',
544 silly get     'x-cache-hits': '0',
544 silly get     'x-timer': 'S1459344501.049647,VS0,VE428',
544 silly get     vary: 'Accept' } ]
545 verbose etag https://registry.npmjs.org/gulp-conflict from cache
546 verbose get saving gulp-conflict to /home/andrew/.npm/registry.npmjs.org/gulp-conflict/.cache.json
547 verbose correctMkdir /home/andrew/.npm correctMkdir not in flight; initializing
548 http 304 https://registry.npmjs.org/jsmin
549 verbose headers { date: 'Wed, 30 Mar 2016 13:28:21 GMT',
549 verbose headers   via: '1.1 varnish',
549 verbose headers   'cache-control': 'max-age=300',
549 verbose headers   etag: '"6X1RWJWOMMEWL55ZGB20MRYXI"',
549 verbose headers   age: '0',
549 verbose headers   connection: 'keep-alive',
549 verbose headers   'x-served-by': 'cache-atl6249-ATL',
549 verbose headers   'x-cache': 'MISS',
549 verbose headers   'x-cache-hits': '0',
549 verbose headers   'x-timer': 'S1459344501.211551,VS0,VE318',
549 verbose headers   vary: 'Accept' }
550 silly get cb [ 304,
550 silly get   { date: 'Wed, 30 Mar 2016 13:28:21 GMT',
550 silly get     via: '1.1 varnish',
550 silly get     'cache-control': 'max-age=300',
550 silly get     etag: '"6X1RWJWOMMEWL55ZGB20MRYXI"',
550 silly get     age: '0',
550 silly get     connection: 'keep-alive',
550 silly get     'x-served-by': 'cache-atl6249-ATL',
550 silly get     'x-cache': 'MISS',
550 silly get     'x-cache-hits': '0',
550 silly get     'x-timer': 'S1459344501.211551,VS0,VE318',
550 silly get     vary: 'Accept' } ]
551 verbose etag https://registry.npmjs.org/jsmin from cache
552 verbose get saving jsmin to /home/andrew/.npm/registry.npmjs.org/jsmin/.cache.json
553 verbose correctMkdir /home/andrew/.npm correctMkdir not in flight; initializing
554 http 304 https://registry.npmjs.org/node-babel
555 verbose headers { date: 'Wed, 30 Mar 2016 13:28:21 GMT',
555 verbose headers   via: '1.1 varnish',
555 verbose headers   'cache-control': 'max-age=300',
555 verbose headers   etag: '"EAEOE4P9U7R31NYGTMGE6N7V3"',
555 verbose headers   age: '0',
555 verbose headers   connection: 'keep-alive',
555 verbose headers   'x-served-by': 'cache-atl6222-ATL',
555 verbose headers   'x-cache': 'MISS',
555 verbose headers   'x-cache-hits': '0',
555 verbose headers   'x-timer': 'S1459344501.239145,VS0,VE365',
555 verbose headers   vary: 'Accept' }
556 silly get cb [ 304,
556 silly get   { date: 'Wed, 30 Mar 2016 13:28:21 GMT',
556 silly get     via: '1.1 varnish',
556 silly get     'cache-control': 'max-age=300',
556 silly get     etag: '"EAEOE4P9U7R31NYGTMGE6N7V3"',
556 silly get     age: '0',
556 silly get     connection: 'keep-alive',
556 silly get     'x-served-by': 'cache-atl6222-ATL',
556 silly get     'x-cache': 'MISS',
556 silly get     'x-cache-hits': '0',
556 silly get     'x-timer': 'S1459344501.239145,VS0,VE365',
556 silly get     vary: 'Accept' } ]
557 verbose etag https://registry.npmjs.org/node-babel from cache
558 verbose get saving node-babel to /home/andrew/.npm/registry.npmjs.org/node-babel/.cache.json
559 verbose correctMkdir /home/andrew/.npm correctMkdir not in flight; initializing
560 http 304 https://registry.npmjs.org/slush
561 verbose headers { date: 'Wed, 30 Mar 2016 13:28:21 GMT',
561 verbose headers   via: '1.1 varnish',
561 verbose headers   'cache-control': 'max-age=300',
561 verbose headers   etag: '"BKPMM91YNWEI1PTJZ8W5KK9SN"',
561 verbose headers   age: '0',
561 verbose headers   connection: 'keep-alive',
561 verbose headers   'x-served-by': 'cache-iad2136-IAD',
561 verbose headers   'x-cache': 'MISS',
561 verbose headers   'x-cache-hits': '0',
561 verbose headers   'x-timer': 'S1459344501.271471,VS0,VE404',
561 verbose headers   vary: 'Accept' }
562 silly get cb [ 304,
562 silly get   { date: 'Wed, 30 Mar 2016 13:28:21 GMT',
562 silly get     via: '1.1 varnish',
562 silly get     'cache-control': 'max-age=300',
562 silly get     etag: '"BKPMM91YNWEI1PTJZ8W5KK9SN"',
562 silly get     age: '0',
562 silly get     connection: 'keep-alive',
562 silly get     'x-served-by': 'cache-iad2136-IAD',
562 silly get     'x-cache': 'MISS',
562 silly get     'x-cache-hits': '0',
562 silly get     'x-timer': 'S1459344501.271471,VS0,VE404',
562 silly get     vary: 'Accept' } ]
563 verbose etag https://registry.npmjs.org/slush from cache
564 verbose get saving slush to /home/andrew/.npm/registry.npmjs.org/slush/.cache.json
565 verbose correctMkdir /home/andrew/.npm correctMkdir not in flight; initializing
566 silly rollbackFailedOptional Starting
567 silly rollbackFailedOptional Finishing
568 silly runTopLevelLifecycles Starting
569 silly runTopLevelLifecycles Finishing
570 silly install printInstalled
571 verbose stack Error: Registry returned 404 for GET on https://registry.npmjs.org/generator-base-webapp
571 verbose stack     at makeError (/home/andrew/.nvm/v5.9.0/lib/node_modules/npm/node_modules/npm-registry-client/lib/request.js:264:12)
571 verbose stack     at CachingRegistryClient.<anonymous> (/home/andrew/.nvm/v5.9.0/lib/node_modules/npm/node_modules/npm-registry-client/lib/request.js:242:14)
571 verbose stack     at Request._callback (/home/andrew/.nvm/v5.9.0/lib/node_modules/npm/node_modules/npm-registry-client/lib/request.js:172:14)
571 verbose stack     at Request.self.callback (/home/andrew/.nvm/v5.9.0/lib/node_modules/npm/node_modules/request/request.js:199:22)
571 verbose stack     at emitTwo (events.js:100:13)
571 verbose stack     at Request.emit (events.js:185:7)
571 verbose stack     at Request.<anonymous> (/home/andrew/.nvm/v5.9.0/lib/node_modules/npm/node_modules/request/request.js:1036:10)
571 verbose stack     at emitOne (events.js:95:20)
571 verbose stack     at Request.emit (events.js:182:7)
571 verbose stack     at IncomingMessage.<anonymous> (/home/andrew/.nvm/v5.9.0/lib/node_modules/npm/node_modules/request/request.js:963:12)
572 verbose statusCode 404
573 verbose pkgid generator-base-webapp
574 verbose cwd /home/andrew/projects/own-projects/pattern-design-showcase-webapp
575 error Linux 3.13.0-37-generic
576 error argv "/home/andrew/.nvm/v5.9.0/bin/node" "/home/andrew/.nvm/v5.9.0/bin/npm" "install" "-g" "avn@0.2.2" "avn-n@0.2.0" "avn-nvm@0.2.1" "babel-cli@6.5.1" "babel-core@6.4.5" "babel-eslint@4.1.8" "babel-loader@6.2.1" "babel-plugin-project-relative-require@2.0.3" "babel-plugin-transform-react-jsx@6.5.0" "broccoli-cli@1.0.0" "concurrently@1.0.0" "eslint@1.10.3" "eslint-plugin-babel@3.0.0" "eslint-plugin-react@3.16.1" "fixmyjs@1.0.3" "generator-base-webapp@0.1.0" "gulp-conflict@0.4.0" "gulp-install@0.6.0" "gulp-template@3.1.0" "inquirer@0.12.0" "jsmin@1.0.1" "kick-off-koa@2.0.0" "mocha@2.4.5" "node-babel@0.1.2" "pm2@1.0.2" "rollup@0.25.4" "shelljs@0.6.0" "slush@1.1.1" "slush-react-redux@0.0.5" "structor@0.2.7" "uglifyjs@2.4.10" "webpack-dev-server@1.14.1" "yo@1.7.0"
577 error node v5.9.0
578 error npm  v3.7.3
579 error code E404
580 error 404 Registry returned 404 for GET on https://registry.npmjs.org/generator-base-webapp
581 error 404
582 error 404 'generator-base-webapp' is not in the npm registry.
583 error 404 You should bug the author to publish it (or use the name yourself!)
584 error 404 Note that you can also install from a
585 error 404 tarball, folder, http url, or git url.
586 verbose exit [ 1, true ]
